
  ___  ____  ____  ____  ____ (R)
 /__    /   ____/   /   ____/
___/   /   /___/   /   /___/   15.1   Copyright 1985-2017 StataCorp LLC
  Statistics/Data Analysis            StataCorp
                                      4905 Lakeway Drive
     Special Edition                  College Station, Texas 77845 USA
                                      800-STATA-PC        http://www.stata.com
                                      979-696-4600        stata@stata.com
                                      979-696-4601 (fax)

Single-user Stata perpetual license:
       Serial number:  501506205255
         Licensed to:  Stata 15
                       Linux 64

Notes:
      1.  Stata is running in batch mode.
      2.  Unicode is supported; see help unicode_advice.
      3.  Maximum number of variables is set to 5000; see help set_maxvar.


running /hpc/home/tmr17/ado/personal/profile.do ...

. do config_stata.do 

. clear all

. set more off

. 
. program main
  1.     * *** Add required packages from SSC to this list ***
.     local ssc_packages "sutex tabout spell egenmore"
  2.     * *** Add required packages from SSC to this list ***
. 
.     if !missing("`ssc_packages'") {
  3.         foreach pkg in "`ssc_packages'" {
  4.         * install using ssc, but avoid re-installing if already present
.             capture which `pkg'
  5.             if _rc == 111 {                 
  6.                dis "Installing `pkg'"
  7.                quietly ssc install `pkg', replace
  8.            }
  9.         }
 10.     }
 11. 
. end

. 
. main

. 
end of do-file
